<?xml version="1.0" encoding="UTF-8"?>
<!-- Generated by org.testng.reporters.JUnitReportReporter -->
<testsuite name="BANKING.GURU99.navigateToApplication" tests="2" time="1.803" ignored="0" failures="0" timestamp="03 Sep 2017 15:15:29 GMT" skipped="0" hostname="AnuAswak" errors="0">
  <testcase name="navigate" time="0.644" classname="BANKING.GURU99.navigateToApplication"/>
  <testcase name="Login" time="1.159" classname="BANKING.GURU99.navigateToApplication"/>
</testsuite> <!-- BANKING.GURU99.navigateToApplication -->
