<?xml version="1.0" encoding="UTF-8"?>
<!-- Generated by org.testng.reporters.JUnitReportReporter -->
<testsuite name="com.tution.test.CreateNewCustomer" tests="1" time="12.169" ignored="0" failures="0" timestamp="02 Aug 2017 00:32:11 GMT" skipped="0" hostname="AnuAswak" errors="0">
  <testcase name="navigate" time="12.169" classname="com.tution.test.CreateNewCustomer"/>
</testsuite> <!-- com.tution.test.CreateNewCustomer -->
