<?xml version="1.0" encoding="UTF-8"?>
<!-- Generated by org.testng.reporters.JUnitReportReporter -->
<testsuite name="collections.CollectionsTutorial" tests="1" time="0.016" ignored="0" failures="0" timestamp="12 Aug 2017 15:27:47 GMT" skipped="0" hostname="AnuAswak" errors="0">
  <testcase name="CollectionTest" time="0.016" classname="collections.CollectionsTutorial"/>
</testsuite> <!-- collections.CollectionsTutorial -->
