<?xml version="1.0" encoding="UTF-8"?>
<!-- Generated by org.testng.reporters.JUnitReportReporter -->
<testsuite name="BANKING.GURU99.navigateToApplication" tests="2" time="2.745" ignored="0" failures="0" timestamp="12 Sep 2017 19:27:05 GMT" skipped="0" hostname="AnuAswak" errors="0">
  <testcase name="Login" time="1.974" classname="BANKING.GURU99.navigateToApplication"/>
  <testcase name="navigate" time="0.771" classname="BANKING.GURU99.navigateToApplication"/>
</testsuite> <!-- BANKING.GURU99.navigateToApplication -->
